2023-08-07 22:39:26,371 :: INFO :: Watching for file changes with StatReloader
2023-08-07 22:39:29,059 :: INFO :: "GET /news/ HTTP/1.1" 200 9986
2023-08-07 22:40:33,924 :: INFO :: C:\Users\bkp20\PycharmProjects\NewsPortal\NewsPaper\NewsPaper\settings.py changed, reloading.
2023-08-07 22:40:35,259 :: INFO :: Watching for file changes with StatReloader
2023-08-07 22:40:54,091 :: INFO :: "GET /news/ HTTP/1.1" 200 9986
2023-08-07 22:41:28,344 :: WARNING :: Not Found: /news/a
2023-08-07 22:41:28,345 :: WARNING :: "GET /news/a HTTP/1.1" 404 4813
2023-08-07 22:41:50,569 :: INFO :: "GET /news/ HTTP/1.1" 200 9986
2023-08-07 22:49:33,741 :: INFO :: "GET /news/?page=1 HTTP/1.1" 200 9986
2023-08-07 22:49:34,392 :: INFO :: "GET /news/?page=1 HTTP/1.1" 200 9986
2023-08-08 16:07:19,146 :: INFO :: Watching for file changes with StatReloader
2023-08-08 16:07:25,495 :: INFO :: "GET /news/ HTTP/1.1" 200 9986
2023-08-08 16:07:25,676 :: WARNING :: Not Found: /news/assets/favicon.ico
2023-08-08 16:07:25,676 :: WARNING :: "GET /news/assets/favicon.ico HTTP/1.1" 404 4864
2023-08-08 16:08:06,009 :: INFO :: "GET /news/ HTTP/1.1" 200 9986
2023-08-08 16:08:12,542 :: INFO :: "GET /news/ HTTP/1.1" 200 9986
2023-08-08 16:10:43,847 :: INFO :: C:\Users\bkp20\PycharmProjects\NewsPortal\NewsPaper\NewsPaper\settings.py changed, reloading.
2023-08-08 16:10:45,971 :: INFO :: Watching for file changes with StatReloader
2023-08-08 16:10:50,898 :: INFO :: "GET /news/ HTTP/1.1" 200 9986
2023-08-08 16:14:15,284 :: INFO :: C:\Users\bkp20\PycharmProjects\NewsPortal\NewsPaper\NewsPaper\settings.py changed, reloading.
2023-08-08 16:37:48,983 :: WARNING :: Not Found: /news/a
2023-08-08 16:37:49,151 :: WARNING :: Not Found: /favicon.ico
2023-08-08 16:39:20,523 :: WARNING :: Forbidden (Permission denied): /news/create/
Traceback (most recent call last):
  File "C:\Users\bkp20\PycharmProjects\NewsPortal\venv\Lib\site-packages\django\core\handlers\exception.py", line 55, in inner
    response = get_response(request)
               ^^^^^^^^^^^^^^^^^^^^^
  File "C:\Users\bkp20\PycharmProjects\NewsPortal\venv\Lib\site-packages\django\core\handlers\base.py", line 197, in _get_response
    response = wrapped_callback(request, *callback_args, **callback_kwargs)
               ^^^^^^^^^^^^^^^^^^^^^^^^^^^^^^^^^^^^^^^^^^^^^^^^^^^^^^^^^^^^
  File "C:\Users\bkp20\PycharmProjects\NewsPortal\venv\Lib\site-packages\django\views\generic\base.py", line 104, in view
    return self.dispatch(request, *args, **kwargs)
           ^^^^^^^^^^^^^^^^^^^^^^^^^^^^^^^^^^^^^^^
  File "C:\Users\bkp20\PycharmProjects\NewsPortal\venv\Lib\site-packages\django\contrib\auth\mixins.py", line 108, in dispatch
    return self.handle_no_permission()
           ^^^^^^^^^^^^^^^^^^^^^^^^^^^
  File "C:\Users\bkp20\PycharmProjects\NewsPortal\venv\Lib\site-packages\django\contrib\auth\mixins.py", line 48, in handle_no_permission
    raise PermissionDenied(self.get_permission_denied_message())
django.core.exceptions.PermissionDenied
2023-08-08 16:44:23,983 :: WARNING :: Not Found: /news/c
2023-08-08 16:50:46,959 :: INFO :: autoreload :: Watching for file changes with StatReloader
2023-08-08 16:50:59,837 :: WARNING :: log :: Not Found: /news/c
2023-08-08 16:50:59,838 :: WARNING :: basehttp :: "GET /news/c HTTP/1.1" 404 4813
2023-08-08 16:51:20,677 :: INFO :: basehttp :: "GET /news/ HTTP/1.1" 200 9986
2023-08-08 17:21:08,523 :: INFO :: autoreload :: C:\Users\bkp20\PycharmProjects\NewsPortal\NewsPaper\NewsPaper\settings.py changed, reloading.
2023-08-08 17:21:09,892 :: INFO :: autoreload :: Watching for file changes with StatReloader
2023-08-08 17:21:47,849 :: INFO :: autoreload :: C:\Users\bkp20\PycharmProjects\NewsPortal\NewsPaper\NewsPaper\settings.py changed, reloading.
2023-08-08 17:31:06,215 :: INFO :: autoreload :: Watching for file changes with StatReloader
2023-08-08 17:31:16,381 :: WARNING :: log :: Not Found: /news/b
2023-08-08 17:31:16,383 :: WARNING :: basehttp :: "GET /news/b HTTP/1.1" 404 179
2023-08-08 17:31:56,572 :: INFO :: autoreload :: C:\Users\bkp20\PycharmProjects\NewsPortal\NewsPaper\NewsPaper\settings.py changed, reloading.
2023-08-08 18:17:25,983 :: INFO :: autoreload :: Watching for file changes with StatReloader
2023-08-08 18:17:52,829 :: ERROR :: log :: Internal Server Error: /categories/1/subscribe
Traceback (most recent call last):
  File "C:\Users\bkp20\PycharmProjects\NewsPortal\venv\Lib\site-packages\django\core\handlers\exception.py", line 55, in inner
    response = get_response(request)
               ^^^^^^^^^^^^^^^^^^^^^
  File "C:\Users\bkp20\PycharmProjects\NewsPortal\venv\Lib\site-packages\django\core\handlers\base.py", line 197, in _get_response
    response = wrapped_callback(request, *callback_args, **callback_kwargs)
               ^^^^^^^^^^^^^^^^^^^^^^^^^^^^^^^^^^^^^^^^^^^^^^^^^^^^^^^^^^^^
  File "C:\Users\bkp20\PycharmProjects\NewsPortal\venv\Lib\site-packages\django\contrib\auth\decorators.py", line 23, in _wrapper_view
    return view_func(request, *args, **kwargs)
           ^^^^^^^^^^^^^^^^^^^^^^^^^^^^^^^^^^^
  File "C:\Users\bkp20\PycharmProjects\NewsPortal\venv\Lib\site-packages\django\utils\decorators.py", line 134, in _wrapper_view
    response = view_func(request, *args, **kwargs)
               ^^^^^^^^^^^^^^^^^^^^^^^^^^^^^^^^^^^
  File "C:\Users\bkp20\PycharmProjects\NewsPortal\NewsPaper\news\views.py", line 184, in subscribe
    raise Exception
Exception
2023-08-08 18:17:54,653 :: ERROR :: basehttp :: "GET /categories/1/subscribe HTTP/1.1" 500 145
2023-08-08 18:20:32,950 :: ERROR :: log :: Internal Server Error: /categories/1/subscribe
Traceback (most recent call last):
  File "C:\Users\bkp20\PycharmProjects\NewsPortal\venv\Lib\site-packages\django\core\handlers\exception.py", line 55, in inner
    response = get_response(request)
               ^^^^^^^^^^^^^^^^^^^^^
  File "C:\Users\bkp20\PycharmProjects\NewsPortal\venv\Lib\site-packages\django\core\handlers\base.py", line 197, in _get_response
    response = wrapped_callback(request, *callback_args, **callback_kwargs)
               ^^^^^^^^^^^^^^^^^^^^^^^^^^^^^^^^^^^^^^^^^^^^^^^^^^^^^^^^^^^^
  File "C:\Users\bkp20\PycharmProjects\NewsPortal\venv\Lib\site-packages\django\contrib\auth\decorators.py", line 23, in _wrapper_view
    return view_func(request, *args, **kwargs)
           ^^^^^^^^^^^^^^^^^^^^^^^^^^^^^^^^^^^
  File "C:\Users\bkp20\PycharmProjects\NewsPortal\venv\Lib\site-packages\django\utils\decorators.py", line 134, in _wrapper_view
    response = view_func(request, *args, **kwargs)
               ^^^^^^^^^^^^^^^^^^^^^^^^^^^^^^^^^^^
  File "C:\Users\bkp20\PycharmProjects\NewsPortal\NewsPaper\news\views.py", line 184, in subscribe
    raise Exception
Exception
2023-08-08 18:20:33,869 :: ERROR :: basehttp :: "GET /categories/1/subscribe HTTP/1.1" 500 145
2023-08-08 18:21:45,120 :: INFO :: autoreload :: C:\Users\bkp20\PycharmProjects\NewsPortal\NewsPaper\NewsPaper\settings.py changed, reloading.
2023-08-08 18:27:25,986 :: INFO :: autoreload :: Watching for file changes with StatReloader
2023-08-08 18:30:51,181 :: ERROR :: log :: Internal Server Error: /categories/3/subscribe
Traceback (most recent call last):
  File "C:\Users\bkp20\PycharmProjects\NewsPortal\venv\Lib\site-packages\django\core\handlers\exception.py", line 55, in inner
    response = get_response(request)
               ^^^^^^^^^^^^^^^^^^^^^
  File "C:\Users\bkp20\PycharmProjects\NewsPortal\venv\Lib\site-packages\django\core\handlers\base.py", line 197, in _get_response
    response = wrapped_callback(request, *callback_args, **callback_kwargs)
               ^^^^^^^^^^^^^^^^^^^^^^^^^^^^^^^^^^^^^^^^^^^^^^^^^^^^^^^^^^^^
  File "C:\Users\bkp20\PycharmProjects\NewsPortal\venv\Lib\site-packages\django\contrib\auth\decorators.py", line 23, in _wrapper_view
    return view_func(request, *args, **kwargs)
           ^^^^^^^^^^^^^^^^^^^^^^^^^^^^^^^^^^^
  File "C:\Users\bkp20\PycharmProjects\NewsPortal\venv\Lib\site-packages\django\utils\decorators.py", line 134, in _wrapper_view
    response = view_func(request, *args, **kwargs)
               ^^^^^^^^^^^^^^^^^^^^^^^^^^^^^^^^^^^
  File "C:\Users\bkp20\PycharmProjects\NewsPortal\NewsPaper\news\views.py", line 184, in subscribe
    raise Exception
Exception
2023-08-08 18:30:53,056 :: ERROR :: basehttp :: "GET /categories/3/subscribe HTTP/1.1" 500 145
2023-08-08 19:09:13,044 :: INFO :: autoreload :: C:\Users\bkp20\PycharmProjects\NewsPortal\NewsPaper\NewsPaper\settings.py changed, reloading.
2023-08-08 19:09:14,423 :: INFO :: autoreload :: Watching for file changes with StatReloader
2023-08-08 19:11:45,947 :: INFO :: autoreload :: C:\Users\bkp20\PycharmProjects\NewsPortal\NewsPaper\NewsPaper\settings.py changed, reloading.
2023-08-08 19:11:47,283 :: INFO :: autoreload :: Watching for file changes with StatReloader
2023-08-08 19:14:33,956 :: INFO :: autoreload :: C:\Users\bkp20\PycharmProjects\NewsPortal\NewsPaper\NewsPaper\settings.py changed, reloading.
2023-08-08 19:14:35,260 :: INFO :: autoreload :: Watching for file changes with StatReloader
2023-08-08 19:21:34,433 :: INFO :: autoreload :: C:\Users\bkp20\PycharmProjects\NewsPortal\NewsPaper\NewsPaper\settings.py changed, reloading.
2023-08-08 19:21:35,815 :: INFO :: autoreload :: Watching for file changes with StatReloader
2023-08-08 19:25:11,308 :: INFO :: autoreload :: C:\Users\bkp20\PycharmProjects\NewsPortal\NewsPaper\NewsPaper\settings.py changed, reloading.
2023-08-08 19:26:21,860 :: INFO :: autoreload :: Watching for file changes with StatReloader
2023-08-08 19:26:22,614 :: ERROR :: log :: Internal Server Error: /categories/2/subscribe
Traceback (most recent call last):
  File "C:\Users\bkp20\PycharmProjects\NewsPortal\venv\Lib\site-packages\django\core\handlers\exception.py", line 55, in inner
    response = get_response(request)
               ^^^^^^^^^^^^^^^^^^^^^
  File "C:\Users\bkp20\PycharmProjects\NewsPortal\venv\Lib\site-packages\django\core\handlers\base.py", line 197, in _get_response
    response = wrapped_callback(request, *callback_args, **callback_kwargs)
               ^^^^^^^^^^^^^^^^^^^^^^^^^^^^^^^^^^^^^^^^^^^^^^^^^^^^^^^^^^^^
  File "C:\Users\bkp20\PycharmProjects\NewsPortal\venv\Lib\site-packages\django\contrib\auth\decorators.py", line 23, in _wrapper_view
    return view_func(request, *args, **kwargs)
           ^^^^^^^^^^^^^^^^^^^^^^^^^^^^^^^^^^^
  File "C:\Users\bkp20\PycharmProjects\NewsPortal\venv\Lib\site-packages\django\utils\decorators.py", line 134, in _wrapper_view
    response = view_func(request, *args, **kwargs)
               ^^^^^^^^^^^^^^^^^^^^^^^^^^^^^^^^^^^
  File "C:\Users\bkp20\PycharmProjects\NewsPortal\NewsPaper\news\views.py", line 184, in subscribe
    raise Exception
Exception
2023-08-08 19:26:24,368 :: ERROR :: basehttp :: "GET /categories/2/subscribe HTTP/1.1" 500 145
2023-08-08 19:26:57,417 :: INFO :: autoreload :: C:\Users\bkp20\PycharmProjects\NewsPortal\NewsPaper\news\views.py changed, reloading.
2023-08-09 15:45:53,820 :: INFO :: autoreload :: Watching for file changes with StatReloader
2023-08-09 15:46:23,838 :: INFO :: autoreload :: C:\Users\bkp20\PycharmProjects\NewsPortal\NewsPaper\NewsPaper\settings.py changed, reloading.
2023-08-09 16:00:59,350 :: INFO :: autoreload :: Watching for file changes with StatReloader
2023-08-09 16:01:34,616 :: INFO :: autoreload :: C:\Users\bkp20\PycharmProjects\NewsPortal\NewsPaper\NewsPaper\settings.py changed, reloading.
2023-08-09 18:01:25,036 :: INFO :: autoreload :: Watching for file changes with StatReloader
2023-08-09 18:05:55,084 :: INFO :: autoreload :: C:\Users\bkp20\PycharmProjects\NewsPortal\NewsPaper\news\views.py changed, reloading.
2023-08-09 18:05:56,516 :: INFO :: autoreload :: Watching for file changes with StatReloader
2023-08-09 18:07:26,845 :: INFO :: autoreload :: C:\Users\bkp20\PycharmProjects\NewsPortal\NewsPaper\news\views.py changed, reloading.
2023-08-09 18:07:28,225 :: INFO :: autoreload :: Watching for file changes with StatReloader
2023-08-09 18:07:55,941 :: INFO :: autoreload :: C:\Users\bkp20\PycharmProjects\NewsPortal\NewsPaper\news\views.py changed, reloading.
2023-08-09 18:07:57,306 :: INFO :: autoreload :: Watching for file changes with StatReloader
2023-08-09 18:08:43,236 :: INFO :: autoreload :: C:\Users\bkp20\PycharmProjects\NewsPortal\NewsPaper\news\views.py changed, reloading.
2023-08-09 18:08:44,708 :: INFO :: autoreload :: Watching for file changes with StatReloader
2023-08-09 18:08:49,092 :: INFO :: autoreload :: C:\Users\bkp20\PycharmProjects\NewsPortal\NewsPaper\news\views.py changed, reloading.
2023-08-09 18:08:50,435 :: INFO :: autoreload :: Watching for file changes with StatReloader
2023-08-09 18:09:08,744 :: INFO :: autoreload :: C:\Users\bkp20\PycharmProjects\NewsPortal\NewsPaper\news\views.py changed, reloading.
2023-08-09 18:09:10,164 :: INFO :: autoreload :: Watching for file changes with StatReloader
2023-08-09 18:09:27,256 :: ERROR :: exception :: 
Traceback (most recent call last):
  File "C:\Users\bkp20\PycharmProjects\NewsPortal\venv\Lib\site-packages\django\core\handlers\exception.py", line 55, in inner
    response = get_response(request)
               ^^^^^^^^^^^^^^^^^^^^^
  File "C:\Users\bkp20\PycharmProjects\NewsPortal\venv\Lib\site-packages\django\core\handlers\base.py", line 197, in _get_response
    response = wrapped_callback(request, *callback_args, **callback_kwargs)
               ^^^^^^^^^^^^^^^^^^^^^^^^^^^^^^^^^^^^^^^^^^^^^^^^^^^^^^^^^^^^
  File "C:\Users\bkp20\PycharmProjects\NewsPortal\venv\Lib\site-packages\django\contrib\auth\decorators.py", line 23, in _wrapper_view
    return view_func(request, *args, **kwargs)
           ^^^^^^^^^^^^^^^^^^^^^^^^^^^^^^^^^^^
  File "C:\Users\bkp20\PycharmProjects\NewsPortal\venv\Lib\site-packages\django\utils\decorators.py", line 134, in _wrapper_view
    response = view_func(request, *args, **kwargs)
               ^^^^^^^^^^^^^^^^^^^^^^^^^^^^^^^^^^^
  File "C:\Users\bkp20\PycharmProjects\NewsPortal\NewsPaper\news\views.py", line 186, in subscribe
    raise SuspiciousOperation
django.core.exceptions.SuspiciousOperation
